0 info it worked if it ends with ok
1 verbose cli [ '/usr/local/Cellar/node/0.12.7_1/bin/node',
1 verbose cli   '/usr/local/bin/npm',
1 verbose cli   'start' ]
2 info using npm@3.9.3
3 info using node@v6.2.1
4 verbose run-script [ 'prestart', 'start', 'poststart' ]
5 info lifecycle ag-date-range-picker@1.0.0-alpha~prestart: ag-date-range-picker@1.0.0-alpha
6 silly lifecycle ag-date-range-picker@1.0.0-alpha~prestart: no script for prestart, continuing
7 info lifecycle ag-date-range-picker@1.0.0-alpha~start: ag-date-range-picker@1.0.0-alpha
8 verbose lifecycle ag-date-range-picker@1.0.0-alpha~start: unsafe-perm in lifecycle true
9 verbose lifecycle ag-date-range-picker@1.0.0-alpha~start: PATH: /usr/local/lib/node_modules/npm/bin/node-gyp-bin:/Users/danielpan/Documents/development/projects/personal/angular2/ag-date-range-picker/node_modules/.bin:/usr/local/Cellar/node/0.12.7_1/bin:/Users/danielpan/.rbenv/shims:/Users/danielpan/.linuxbrew/bin:/Users/danielpan/bin:/usr/local/php5/bin:/Applications/mampstack/php/bin:/Users/danielpan/.composer/vendor/bin:/Users/danielpan/.rbenv/bin:/usr/local/bin:/usr/bin:/bin:/usr/sbin:/sbin:/usr/local/share/dotnet:/usr/local/git/bin
10 verbose lifecycle ag-date-range-picker@1.0.0-alpha~start: CWD: /Users/danielpan/Documents/development/projects/personal/angular2/ag-date-range-picker
11 silly lifecycle ag-date-range-picker@1.0.0-alpha~start: Args: [ '-c', 'npm run server:dev' ]
12 silly lifecycle ag-date-range-picker@1.0.0-alpha~start: Returned: code: 1  signal: null
13 info lifecycle ag-date-range-picker@1.0.0-alpha~start: Failed to exec start script
14 verbose stack Error: ag-date-range-picker@1.0.0-alpha start: `npm run server:dev`
14 verbose stack Exit status 1
14 verbose stack     at EventEmitter.<anonymous> (/usr/local/lib/node_modules/npm/lib/utils/lifecycle.js:245:16)
14 verbose stack     at emitTwo (events.js:106:13)
14 verbose stack     at EventEmitter.emit (events.js:191:7)
14 verbose stack     at ChildProcess.<anonymous> (/usr/local/lib/node_modules/npm/lib/utils/spawn.js:24:14)
14 verbose stack     at emitTwo (events.js:106:13)
14 verbose stack     at ChildProcess.emit (events.js:191:7)
14 verbose stack     at maybeClose (internal/child_process.js:852:16)
14 verbose stack     at Process.ChildProcess._handle.onexit (internal/child_process.js:215:5)
15 verbose pkgid ag-date-range-picker@1.0.0-alpha
16 verbose cwd /Users/danielpan/Documents/development/projects/personal/angular2/ag-date-range-picker
17 error Darwin 14.5.0
18 error argv "/usr/local/Cellar/node/0.12.7_1/bin/node" "/usr/local/bin/npm" "start"
19 error node v6.2.1
20 error npm  v3.9.3
21 error code ELIFECYCLE
22 error ag-date-range-picker@1.0.0-alpha start: `npm run server:dev`
22 error Exit status 1
23 error Failed at the ag-date-range-picker@1.0.0-alpha start script 'npm run server:dev'.
23 error Make sure you have the latest version of node.js and npm installed.
23 error If you do, this is most likely a problem with the ag-date-range-picker package,
23 error not with npm itself.
23 error Tell the author that this fails on your system:
23 error     npm run server:dev
23 error You can get information on how to open an issue for this project with:
23 error     npm bugs ag-date-range-picker
23 error Or if that isn't available, you can get their info via:
23 error     npm owner ls ag-date-range-picker
23 error There is likely additional logging output above.
24 verbose exit [ 1, true ]
